<?xml version="1.0" encoding="UTF-8"?>
<testng-results skipped="0" failed="0" ignored="0" total="1" passed="1">
  <reporter-output>
  </reporter-output>
  <suite name="Suite" duration-ms="62177" started-at="2017-08-18T06:39:48Z" finished-at="2017-08-18T06:40:50Z">
    <groups>
    </groups>
    <test name="Firefox-Test" duration-ms="62177" started-at="2017-08-18T06:39:48Z" finished-at="2017-08-18T06:40:50Z">
      <class name="com.speedtest.net.speedtest.ConnectionSpeedTest">
        <test-method status="PASS" signature="setup(java.lang.String, java.lang.String, java.lang.String, java.lang.String, java.lang.String)[pri:0, instance:com.speedtest.net.speedtest.ConnectionSpeedTest@5f8edcc5]" name="setup" is-config="true" duration-ms="20304" started-at="2017-08-18T01:39:48Z" finished-at="2017-08-18T01:40:09Z">
          <params>
            <param index="0">
              <value>
                <![CDATA[Windows]]>
              </value>
            </param>
            <param index="1">
              <value>
                <![CDATA[firefox]]>
              </value>
            </param>
            <param index="2">
              <value>
                <![CDATA[54.0.1]]>
              </value>
            </param>
            <param index="3">
              <value>
                <![CDATA[http://beta.speedtest.net/]]>
              </value>
            </param>
            <param index="4">
              <value>
                <![CDATA[local]]>
              </value>
            </param>
          </params>
          <reporter-output>
          </reporter-output>
        </test-method> <!-- setup -->
        <test-method status="PASS" signature="connectionSpeedTest()[pri:0, instance:com.speedtest.net.speedtest.ConnectionSpeedTest@5f8edcc5]" name="connectionSpeedTest" duration-ms="40350" started-at="2017-08-18T01:40:09Z" finished-at="2017-08-18T01:40:49Z">
          <reporter-output>
          </reporter-output>
        </test-method> <!-- connectionSpeedTest -->
        <test-method status="PASS" signature="afterClass()[pri:0, instance:com.speedtest.net.speedtest.ConnectionSpeedTest@5f8edcc5]" name="afterClass" is-config="true" duration-ms="1499" started-at="2017-08-18T01:40:49Z" finished-at="2017-08-18T01:40:50Z">
          <reporter-output>
          </reporter-output>
        </test-method> <!-- afterClass -->
      </class> <!-- com.speedtest.net.speedtest.ConnectionSpeedTest -->
    </test> <!-- Firefox-Test -->
  </suite> <!-- Suite -->
</testng-results>
