<?xml version="1.0" encoding="UTF-8"?>
<!-- Generated by org.testng.reporters.JUnitXMLReporter -->
<testsuite hostname="HugoMorArj-PC" ignored="0" name="Firefox-Test" tests="1" failures="0" timestamp="17 ago 2017 01:51:18 GMT" time="60.232" errors="0">
  <testcase name="@AfterMethod afterMethod" time="0.807" classname="com.speedtest.speedtest.ConnectionSpeedTest">
    <failure type="org.openqa.selenium.SessionNotCreatedException" message="Tried to run command without establishing a connection
Build info: version: &amp;apos;unknown&amp;apos;, revision: &amp;apos;unknown&amp;apos;, time: &amp;apos;unknown&amp;apos;
System info: host: &amp;apos;HUGOMORARJ-PC&amp;apos;, ip: &amp;apos;192.168.85.1&amp;apos;, os.name: &amp;apos;Windows 10&amp;apos;, os.arch: &amp;apos;amd64&amp;apos;, os.version: &amp;apos;10.0&amp;apos;, java.version: &amp;apos;1.8.0_141&amp;apos;
Driver info: org.openqa.selenium.firefox.FirefoxDriver
Capabilities [{moz:profile=C:\Users\HUGOMO~1\AppData\Local\Temp\rust_mozprofile.e1R2WzIJluDF, rotatable=false, timeouts={implicit=0.0, pageLoad=300000.0, script=30000.0}, pageLoadStrategy=normal, platform=ANY, specificationLevel=0.0, moz:accessibilityChecks=false, acceptInsecureCerts=false, browserVersion=54.0.1, platformVersion=10.0, moz:processID=14084.0, browserName=firefox, javascriptEnabled=true, platformName=windows_nt}]
Session ID: 3db2600b-b87b-4872-a700-e50a52472078">
      <![CDATA[org.openqa.selenium.SessionNotCreatedException: Tried to run command without establishing a connection
Build info: version: 'unknown', revision: 'unknown', time: 'unknown'
System info: host: 'HUGOMORARJ-PC', ip: '192.168.85.1', os.name: 'Windows 10', os.arch: 'amd64', os.version: '10.0', java.version: '1.8.0_141'
Driver info: org.openqa.selenium.firefox.FirefoxDriver
Capabilities [{moz:profile=C:\Users\HUGOMO~1\AppData\Local\Temp\rust_mozprofile.e1R2WzIJluDF, rotatable=false, timeouts={implicit=0.0, pageLoad=300000.0, script=30000.0}, pageLoadStrategy=normal, platform=ANY, specificationLevel=0.0, moz:accessibilityChecks=false, acceptInsecureCerts=false, browserVersion=54.0.1, platformVersion=10.0, moz:processID=14084.0, browserName=firefox, javascriptEnabled=true, platformName=windows_nt}]
Session ID: 3db2600b-b87b-4872-a700-e50a52472078
	at org.openqa.selenium.remote.http.W3CHttpResponseCodec.createException(W3CHttpResponseCodec.java:150)
	at org.openqa.selenium.remote.http.W3CHttpResponseCodec.decode(W3CHttpResponseCodec.java:115)
	at org.openqa.selenium.remote.http.W3CHttpResponseCodec.decode(W3CHttpResponseCodec.java:45)
	at org.openqa.selenium.remote.HttpCommandExecutor.execute(HttpCommandExecutor.java:164)
	at org.openqa.selenium.remote.service.DriverCommandExecutor.execute(DriverCommandExecutor.java:82)
	at org.openqa.selenium.remote.RemoteWebDriver.execute(RemoteWebDriver.java:637)
	at org.openqa.selenium.remote.RemoteWebDriver.execute(RemoteWebDriver.java:694)
	at org.openqa.selenium.remote.RemoteWebDriver.quit(RemoteWebDriver.java:533)
	at com.speedtest.speedtest.ConnectionSpeedTest.afterMethod(ConnectionSpeedTest.java:46)
	at java.util.concurrent.FutureTask.run(Unknown Source)
	at java.util.concurrent.ThreadPoolExecutor.runWorker(Unknown Source)
	at java.util.concurrent.ThreadPoolExecutor$Worker.run(Unknown Source)
	at java.lang.Thread.run(Unknown Source)
... Removed 22 stack frames]]>
    </failure>
  </testcase> <!-- @AfterMethod afterMethod -->
  <testcase name="@AfterClass afterClass" time="0.0" classname="com.speedtest.speedtest.ConnectionSpeedTest">
    <skipped/>
  </testcase> <!-- @AfterClass afterClass -->
  <testcase name="connectionSpeedTest" time="40.671" classname="com.speedtest.speedtest.ConnectionSpeedTest"/>
</testsuite> <!-- Firefox-Test -->
